<?xml version="1.0" encoding="UTF-8"?>
<!-- Generated by org.testng.reporters.JUnitXMLReporter -->
<testsuite ignored="0" hostname="DESKTOP-QVE1V81" failures="0" tests="12" name="Test" time="39.664" errors="0" timestamp="20 Jan 2023 11:38:52 GMT">
  <testcase classname="TestSteps.AssesMent" name="navigatingToSignIn" time="0.895"/>
  <testcase classname="TestSteps.AssesMent" name="signInWithAnIncorretUsers" time="1.727"/>
  <testcase classname="TestSteps.AssesMent" name="signInWithAnCorretUsers" time="1.345"/>
  <testcase classname="TestSteps.AssesMent" name="viewSummaryDetails" time="0.571"/>
  <testcase classname="TestSteps.AssesMent" name="accountVerification" time="3.376"/>
  <testcase classname="TestSteps.AssesMent" name="transferLink" time="0.823"/>
  <testcase classname="TestSteps.AssesMent" name="transferAndValidate" time="1.221"/>
  <testcase classname="TestSteps.AssesMent" name="viewRecentTransctions" time="3.705"/>
  <testcase classname="TestSteps.AssesMent" name="viewFirstTwoTransction" time="18.622"/>
  <testcase classname="TestSteps.AssesMent" name="contactUs" time="1.292"/>
  <testcase classname="TestSteps.AssesMent" name="fillEmailForm" time="1.278"/>
  <testcase classname="TestSteps.AssesMent" name="signOut" time="1.067"/>
</testsuite> <!-- Test -->
